#-----------------------------------------------------------
# Vivado v2017.4 (64-bit)
# SW Build 2086221 on Fri Dec 15 20:55:39 MST 2017
# IP Build 2085800 on Fri Dec 15 22:25:07 MST 2017
# Start of session at: Fri Apr  5 20:12:24 2019
# Process ID: 13536
# Current directory: C:/Users/Quzard/OneDrive/COA/COA2_FPGA/CPU/CPU_design1
# Command line: vivado.exe -gui_launcher_event rodinguilauncherevent1296 C:\Users\Quzard\OneDrive\COA\COA2_FPGA\CPU\CPU_design1\CPU_design1.xpr
# Log file: C:/Users/Quzard/OneDrive/COA/COA2_FPGA/CPU/CPU_design1/vivado.log
# Journal file: C:/Users/Quzard/OneDrive/COA/COA2_FPGA/CPU/CPU_design1\vivado.jou
#-----------------------------------------------------------
start_gui
open_project C:/Users/Quzard/OneDrive/COA/COA2_FPGA/CPU/CPU_design1/CPU_design1.xpr
Scanning sources...
Finished scanning sources
INFO: [IP_Flow 19-234] Refreshing IP repositories
INFO: [IP_Flow 19-1704] No user IP repositories specified
INFO: [IP_Flow 19-2313] Loaded Vivado IP repository 'D:/vidado/Vivado/2017.4/data/ip'.
open_project: Time (s): cpu = 00:00:12 ; elapsed = 00:00:07 . Memory (MB): peak = 804.102 ; gain = 124.676
update_compile_order -fileset sources_1
launch_simulation
INFO: [Vivado 12-5682] Launching behavioral simulation in 'C:/Users/Quzard/OneDrive/COA/COA2_FPGA/CPU/CPU_design1/CPU_design1.sim/sim_1/behav/xsim'
INFO: [SIM-utils-51] Simulation object is 'sim_1'
INFO: [SIM-utils-54] Inspecting design source files for 'test' in fileset 'sim_1'...
INFO: [USF-XSim-97] Finding global include files...
INFO: [USF-XSim-98] Fetching design files from 'sim_1'...
INFO: [USF-XSim-2] XSim::Compile design
INFO: [USF-XSim-61] Executing 'COMPILE and ANALYZE' step in 'C:/Users/Quzard/OneDrive/COA/COA2_FPGA/CPU/CPU_design1/CPU_design1.sim/sim_1/behav/xsim'
"xvlog --incr --relax -prj test_vlog.prj"
INFO: [VRFC 10-2263] Analyzing Verilog file "C:/Users/Quzard/OneDrive/COA/COA2_FPGA/CPU/CPU_design1/CPU_design1.srcs/sources_1/new/CPU.v" into library xil_defaultlib
INFO: [VRFC 10-311] analyzing module A
INFO: [VRFC 10-311] analyzing module B
INFO: [VRFC 10-311] analyzing module top
INFO: [VRFC 10-311] analyzing module rom
INFO: [VRFC 10-2263] Analyzing Verilog file "C:/Users/Quzard/OneDrive/COA/COA2_FPGA/CPU/CPU_design1/CPU_design1.srcs/sim_1/new/test.v" into library xil_defaultlib
INFO: [VRFC 10-311] analyzing module test
INFO: [USF-XSim-69] 'compile' step finished in '4' seconds
INFO: [USF-XSim-3] XSim::Elaborate design
INFO: [USF-XSim-61] Executing 'ELABORATE' step in 'C:/Users/Quzard/OneDrive/COA/COA2_FPGA/CPU/CPU_design1/CPU_design1.sim/sim_1/behav/xsim'
Vivado Simulator 2017.4
Copyright 1986-1999, 2001-2016 Xilinx, Inc. All Rights Reserved.
Running: D:/vidado/Vivado/2017.4/bin/unwrapped/win64.o/xelab.exe -wto 92f0bc95b44240399120e8d401442268 --incr --debug typical --relax --mt 2 -L xil_defaultlib -L unisims_ver -L unimacro_ver -L secureip --snapshot test_behav xil_defaultlib.test xil_defaultlib.glbl -log elaborate.log 
Using 2 slave threads.
Starting static elaboration
Completed static elaboration
Starting simulation data flow analysis
WARNING: [XSIM 43-4099] "C:/Users/Quzard/OneDrive/COA/COA2_FPGA/CPU/CPU_design1/CPU_design1.srcs/sources_1/new/CPU.v" Line 28. Module top doesn't have a timescale but at least one module in design has a timescale.
WARNING: [XSIM 43-4099] "C:/Users/Quzard/OneDrive/COA/COA2_FPGA/CPU/CPU_design1/CPU_design1.srcs/sources_1/new/CPU.v" Line 1. Module A doesn't have a timescale but at least one module in design has a timescale.
WARNING: [XSIM 43-4099] "C:/Users/Quzard/OneDrive/COA/COA2_FPGA/CPU/CPU_design1/CPU_design1.srcs/sources_1/new/CPU.v" Line 17. Module B doesn't have a timescale but at least one module in design has a timescale.
Completed simulation data flow analysis
Time Resolution for simulation is 1ps
Compiling module xil_defaultlib.A
Compiling module xil_defaultlib.B
Compiling module xil_defaultlib.top
Compiling module xil_defaultlib.test
Compiling module xil_defaultlib.glbl
Built simulation snapshot test_behav

****** Webtalk v2017.4 (64-bit)
  **** SW Build 2086221 on Fri Dec 15 20:55:39 MST 2017
  **** IP Build 2085800 on Fri Dec 15 22:25:07 MST 2017
    ** Copyright 1986-2017 Xilinx, Inc. All Rights Reserved.

source C:/Users/Quzard/OneDrive/COA/COA2_FPGA/CPU/CPU_design1/CPU_design1.sim/sim_1/behav/xsim/xsim.dir/test_behav/webtalk/xsim_webtalk.tcl -notrace
INFO: [Common 17-206] Exiting Webtalk at Fri Apr  5 20:15:27 2019...
run_program: Time (s): cpu = 00:00:01 ; elapsed = 00:00:13 . Memory (MB): peak = 825.680 ; gain = 0.000
INFO: [USF-XSim-69] 'elaborate' step finished in '12' seconds
INFO: [USF-XSim-4] XSim::Simulate design
INFO: [USF-XSim-61] Executing 'SIMULATE' step in 'C:/Users/Quzard/OneDrive/COA/COA2_FPGA/CPU/CPU_design1/CPU_design1.sim/sim_1/behav/xsim'
INFO: [USF-XSim-98] *** Running xsim
   with args "test_behav -key {Behavioral:sim_1:Functional:test} -tclbatch {test.tcl} -view {C:/Users/Quzard/OneDrive/COA/COA2_FPGA/CPU/CPU_design1/test_behav.wcfg} -log {simulate.log}"
INFO: [USF-XSim-8] Loading simulator feature
Vivado Simulator 2017.4
Time resolution is 1 ps
open_wave_config C:/Users/Quzard/OneDrive/COA/COA2_FPGA/CPU/CPU_design1/test_behav.wcfg
source test.tcl
# set curr_wave [current_wave_config]
# if { [string length $curr_wave] == 0 } {
#   if { [llength [get_objects]] > 0} {
#     add_wave /
#     set_property needs_save false [current_wave_config]
#   } else {
#      send_msg_id Add_Wave-1 WARNING "No top level signals found. Simulator will start without a wave window. If you want to open a wave window go to 'File->New Waveform Configuration' or type 'create_wave_config' in the TCL console."
#   }
# }
# run 1000ns
INFO: [USF-XSim-96] XSim completed. Design snapshot 'test_behav' loaded.
INFO: [USF-XSim-97] XSim simulation ran for 1000ns
launch_simulation: Time (s): cpu = 00:00:09 ; elapsed = 00:00:21 . Memory (MB): peak = 838.320 ; gain = 12.641
add_wave {{/test/dut/U0/test_num}} 
restart
INFO: [Simtcl 6-17] Simulation restarted
run all
run: Time (s): cpu = 00:00:46 ; elapsed = 00:00:25 . Memory (MB): peak = 848.395 ; gain = 0.000
restart
INFO: [Simtcl 6-17] Simulation restarted
run 10 us
save_wave_config {C:/Users/Quzard/OneDrive/COA/COA2_FPGA/CPU/CPU_design1/test_behav.wcfg}
close_sim
INFO: [Simtcl 6-16] Simulation closed
close_sim: Time (s): cpu = 00:00:01 ; elapsed = 00:00:11 . Memory (MB): peak = 863.492 ; gain = 1.215
launch_simulation
INFO: [Vivado 12-5682] Launching behavioral simulation in 'C:/Users/Quzard/OneDrive/COA/COA2_FPGA/CPU/CPU_design1/CPU_design1.sim/sim_1/behav/xsim'
INFO: [SIM-utils-51] Simulation object is 'sim_1'
INFO: [SIM-utils-54] Inspecting design source files for 'test' in fileset 'sim_1'...
INFO: [USF-XSim-97] Finding global include files...
INFO: [USF-XSim-98] Fetching design files from 'sim_1'...
INFO: [USF-XSim-2] XSim::Compile design
INFO: [USF-XSim-61] Executing 'COMPILE and ANALYZE' step in 'C:/Users/Quzard/OneDrive/COA/COA2_FPGA/CPU/CPU_design1/CPU_design1.sim/sim_1/behav/xsim'
"xvlog --incr --relax -prj test_vlog.prj"
INFO: [VRFC 10-2263] Analyzing Verilog file "C:/Users/Quzard/OneDrive/COA/COA2_FPGA/CPU/CPU_design1/CPU_design1.srcs/sources_1/new/CPU.v" into library xil_defaultlib
INFO: [VRFC 10-311] analyzing module A
INFO: [VRFC 10-311] analyzing module B
INFO: [VRFC 10-311] analyzing module top
INFO: [VRFC 10-311] analyzing module rom
INFO: [VRFC 10-2263] Analyzing Verilog file "C:/Users/Quzard/OneDrive/COA/COA2_FPGA/CPU/CPU_design1/CPU_design1.srcs/sim_1/new/test.v" into library xil_defaultlib
INFO: [VRFC 10-311] analyzing module test
INFO: [USF-XSim-69] 'compile' step finished in '3' seconds
INFO: [USF-XSim-3] XSim::Elaborate design
INFO: [USF-XSim-61] Executing 'ELABORATE' step in 'C:/Users/Quzard/OneDrive/COA/COA2_FPGA/CPU/CPU_design1/CPU_design1.sim/sim_1/behav/xsim'
Vivado Simulator 2017.4
Copyright 1986-1999, 2001-2016 Xilinx, Inc. All Rights Reserved.
Running: D:/vidado/Vivado/2017.4/bin/unwrapped/win64.o/xelab.exe -wto 92f0bc95b44240399120e8d401442268 --incr --debug typical --relax --mt 2 -L xil_defaultlib -L unisims_ver -L unimacro_ver -L secureip --snapshot test_behav xil_defaultlib.test xil_defaultlib.glbl -log elaborate.log 
Using 2 slave threads.
Starting static elaboration
Completed static elaboration
Starting simulation data flow analysis
WARNING: [XSIM 43-4099] "C:/Users/Quzard/OneDrive/COA/COA2_FPGA/CPU/CPU_design1/CPU_design1.srcs/sources_1/new/CPU.v" Line 28. Module top doesn't have a timescale but at least one module in design has a timescale.
WARNING: [XSIM 43-4099] "C:/Users/Quzard/OneDrive/COA/COA2_FPGA/CPU/CPU_design1/CPU_design1.srcs/sources_1/new/CPU.v" Line 1. Module A doesn't have a timescale but at least one module in design has a timescale.
WARNING: [XSIM 43-4099] "C:/Users/Quzard/OneDrive/COA/COA2_FPGA/CPU/CPU_design1/CPU_design1.srcs/sources_1/new/CPU.v" Line 17. Module B doesn't have a timescale but at least one module in design has a timescale.
Completed simulation data flow analysis
Time Resolution for simulation is 1ps
Compiling module xil_defaultlib.A
Compiling module xil_defaultlib.B
Compiling module xil_defaultlib.top
Compiling module xil_defaultlib.test
Compiling module xil_defaultlib.glbl
Built simulation snapshot test_behav
INFO: [USF-XSim-69] 'elaborate' step finished in '5' seconds
INFO: [USF-XSim-4] XSim::Simulate design
INFO: [USF-XSim-61] Executing 'SIMULATE' step in 'C:/Users/Quzard/OneDrive/COA/COA2_FPGA/CPU/CPU_design1/CPU_design1.sim/sim_1/behav/xsim'
INFO: [USF-XSim-98] *** Running xsim
   with args "test_behav -key {Behavioral:sim_1:Functional:test} -tclbatch {test.tcl} -view {C:/Users/Quzard/OneDrive/COA/COA2_FPGA/CPU/CPU_design1/test_behav.wcfg} -log {simulate.log}"
INFO: [USF-XSim-8] Loading simulator feature
Vivado Simulator 2017.4
Time resolution is 1 ps
open_wave_config C:/Users/Quzard/OneDrive/COA/COA2_FPGA/CPU/CPU_design1/test_behav.wcfg
source test.tcl
# set curr_wave [current_wave_config]
# if { [string length $curr_wave] == 0 } {
#   if { [llength [get_objects]] > 0} {
#     add_wave /
#     set_property needs_save false [current_wave_config]
#   } else {
#      send_msg_id Add_Wave-1 WARNING "No top level signals found. Simulator will start without a wave window. If you want to open a wave window go to 'File->New Waveform Configuration' or type 'create_wave_config' in the TCL console."
#   }
# }
# run 1000ns
INFO: [USF-XSim-96] XSim completed. Design snapshot 'test_behav' loaded.
INFO: [USF-XSim-97] XSim simulation ran for 1000ns
launch_simulation: Time (s): cpu = 00:00:05 ; elapsed = 00:00:09 . Memory (MB): peak = 863.492 ; gain = 0.000
close_sim
INFO: [Simtcl 6-16] Simulation closed
close_sim: Time (s): cpu = 00:00:01 ; elapsed = 00:00:10 . Memory (MB): peak = 870.711 ; gain = 0.000
exit
INFO: [Common 17-206] Exiting Vivado at Sun Apr  7 15:39:10 2019...
